<?xml version="1.0" encoding="UTF-8"?>
<testng-results ignored="0" total="1" passed="1" failed="0" skipped="0">
  <reporter-output>
    <line>
      <![CDATA[Hi]]>
    </line>
  </reporter-output>
  <suite started-at="2025-03-08T13:25:49 IST" name="Suite" finished-at="2025-03-08T13:25:49 IST" duration-ms="40">
    <groups>
    </groups>
    <test started-at="2025-03-08T13:25:49 IST" name="Test" finished-at="2025-03-08T13:25:49 IST" duration-ms="40">
      <class name="com.tissolve.testscript.ChatsModule">
        <test-method signature="demo()[pri:0, instance:com.tissolve.testscript.ChatsModule@6cf0e0ba]" started-at="2025-03-08T13:25:49 IST" name="demo" finished-at="2025-03-08T13:25:49 IST" duration-ms="7" status="PASS">
          <reporter-output>
            <line>
              <![CDATA[Hi]]>
            </line>
          </reporter-output>
        </test-method> <!-- demo -->
      </class> <!-- com.tissolve.testscript.ChatsModule -->
    </test> <!-- Test -->
  </suite> <!-- Suite -->
</testng-results>
